build/app/intermediates/proguard-rules/debug/aapt_rules.txt
# Referenced at merged_manifests\debug\AndroidManifest.xml:25
-keep class androidx.core.app.CoreComponentFactory { <init>(); }
# Referenced at merged_manifests\debug\AndroidManifest.xml:303
-keep class androidx.room.MultiInstanceInvalidationService { <init>(); }
# Referenced at merged_manifests\debug\AndroidManifest.xml:197
-keep class androidx.work.impl.WorkManagerInitializer { <init>(); }
# Referenced at merged_manifests\debug\AndroidManifest.xml:221
-keep class androidx.work.impl.background.systemalarm.ConstraintProxy$BatteryChargingProxy { <init>(); }
# Referenced at merged_manifests\debug\AndroidManifest.xml:231
-keep class androidx.work.impl.background.systemalarm.ConstraintProxy$BatteryNotLowProxy { <init>(); }
# Referenced at merged_manifests\debug\AndroidManifest.xml:251
-keep class androidx.work.impl.background.systemalarm.ConstraintProxy$NetworkStateProxy { <init>(); }
# Referenced at merged_manifests\debug\AndroidManifest.xml:241
-keep class androidx.work.impl.background.systemalarm.ConstraintProxy$StorageNotLowProxy { <init>(); }
# Referenced at merged_manifests\debug\AndroidManifest.xml:271
-keep class androidx.work.impl.background.systemalarm.ConstraintProxyUpdateReceiver { <init>(); }
# Referenced at merged_manifests\debug\AndroidManifest.xml:260
-keep class androidx.work.impl.background.systemalarm.RescheduleReceiver { <init>(); }
# Referenced at merged_manifests\debug\AndroidManifest.xml:204
-keep class androidx.work.impl.background.systemalarm.SystemAlarmService { <init>(); }
# Referenced at merged_manifests\debug\AndroidManifest.xml:209
-keep class androidx.work.impl.background.systemjob.SystemJobService { <init>(); }
# Referenced at merged_manifests\debug\AndroidManifest.xml:216
-keep class androidx.work.impl.utils.ForceStopRunnable$BroadcastReceiver { <init>(); }
# Referenced at merged_manifests\debug\AndroidManifest.xml:38
-keep class com.example.signup_ui.MainActivity { <init>(); }
# Referenced at merged_manifests\debug\AndroidManifest.xml:293
-keep class com.google.android.gms.auth.api.signin.RevocationBoundService { <init>(); }
# Referenced at merged_manifests\debug\AndroidManifest.xml:284
-keep class com.google.android.gms.auth.api.signin.internal.SignInHubActivity { <init>(); }
# Referenced at merged_manifests\debug\AndroidManifest.xml:298
-keep class com.google.android.gms.common.api.GoogleApiActivity { <init>(); }
# Referenced at merged_manifests\debug\AndroidManifest.xml:180
-keep class com.google.firebase.auth.api.fallback.service.FirebaseAuthFallbackService { <init>(); }
# Referenced at merged_manifests\debug\AndroidManifest.xml:143
-keep class com.google.firebase.auth.internal.GenericIdpActivity { <init>(); }
# Referenced at merged_manifests\debug\AndroidManifest.xml:161
-keep class com.google.firebase.auth.internal.RecaptchaActivity { <init>(); }
# Referenced at merged_manifests\debug\AndroidManifest.xml:81
-keep class com.google.firebase.components.ComponentDiscoveryService { <init>(); }
# Referenced at merged_manifests\debug\AndroidManifest.xml:191
-keep class com.google.firebase.provider.FirebaseInitProvider { <init>(); }
# Referenced at merged_manifests\debug\AndroidManifest.xml:123
-keep class com.sangcomz.fishbun.FishBunFileProvider { <init>(); }
# Referenced at merged_manifests\debug\AndroidManifest.xml:133
-keep class com.sangcomz.fishbun.ui.album.AlbumActivity { <init>(); }
# Referenced at merged_manifests\debug\AndroidManifest.xml:140
-keep class com.sangcomz.fishbun.ui.detail.DetailActivity { <init>(); }
# Referenced at merged_manifests\debug\AndroidManifest.xml:137
-keep class com.sangcomz.fishbun.ui.picker.PickerActivity { <init>(); }
# Referenced at merged_manifests\debug\AndroidManifest.xml:25
-keep class io.flutter.app.FlutterApplication { <init>(); }
# Referenced at merged_manifests\debug\AndroidManifest.xml:108
-keep class io.flutter.plugins.imagepicker.ImagePickerFileProvider { <init>(); }
# Referenced at merged_manifests\debug\AndroidManifest.xml:118
-keep class io.flutter.plugins.urllauncher.WebViewActivity { <init>(); }
# Referenced at res\layout\abc_alert_dialog_title_material.xml:56
# Referenced at res\layout\abc_alert_dialog_material.xml:52
# Referenced at res\layout\abc_alert_dialog_button_bar_material.xml:43
-keep class android.widget.Space { <init>(...); }

# Referenced at res\layout\abc_select_dialog_material.xml:23
-keep class androidx.appcompat.app.AlertController$RecycleListView { <init>(...); }

# Referenced at res\layout\abc_action_menu_item_layout.xml:17
-keep class androidx.appcompat.view.menu.ActionMenuItemView { <init>(...); }

# Referenced at res\layout\abc_expanded_menu_layout.xml:17
-keep class androidx.appcompat.view.menu.ExpandedMenuView { <init>(...); }

# Referenced at res\layout\abc_popup_menu_item_layout.xml:17
# Referenced at res\layout\abc_list_menu_item_layout.xml:17
# Referenced at res\layout\abc_cascading_menu_item_layout.xml:20
-keep class androidx.appcompat.view.menu.ListMenuItemView { <init>(...); }

# Referenced at res\layout\abc_screen_toolbar.xml:27
-keep class androidx.appcompat.widget.ActionBarContainer { <init>(...); }

# Referenced at res\layout\abc_screen_toolbar.xml:43
# Referenced at res\layout\abc_action_mode_bar.xml:19
-keep class androidx.appcompat.widget.ActionBarContextView { <init>(...); }

# Referenced at res\layout\abc_screen_toolbar.xml:17
-keep class androidx.appcompat.widget.ActionBarOverlayLayout { <init>(...); }

# Referenced at res\layout\abc_action_menu_layout.xml:17
-keep class androidx.appcompat.widget.ActionMenuView { <init>(...); }

# Referenced at res\layout\abc_activity_chooser_view.xml:19
-keep class androidx.appcompat.widget.ActivityChooserView$InnerLayout { <init>(...); }

# Referenced at res\layout\abc_alert_dialog_material.xml:18
-keep class androidx.appcompat.widget.AlertDialogLayout { <init>(...); }

# Referenced at res\layout\activity_detail_actiivy.xml:22
-keep class androidx.appcompat.widget.AppCompatImageButton { <init>(...); }

# Referenced at res\layout\abc_alert_dialog_button_bar_material.xml:26
-keep class androidx.appcompat.widget.ButtonBarLayout { <init>(...); }

# Referenced at res\layout\abc_screen_content_include.xml:19
-keep class androidx.appcompat.widget.ContentFrameLayout { <init>(...); }

# Referenced at res\layout\abc_alert_dialog_title_material.xml:45
-keep class androidx.appcompat.widget.DialogTitle { <init>(...); }

# Referenced at res\layout\abc_screen_simple_overlay_action_mode.xml:23
-keep class androidx.appcompat.widget.FitWindowsFrameLayout { <init>(...); }

# Referenced at res\layout\abc_screen_simple.xml:17
# Referenced at res\layout\abc_dialog_title_material.xml:22
-keep class androidx.appcompat.widget.FitWindowsLinearLayout { <init>(...); }

# Referenced at res\layout\abc_search_view.xml:75
-keep class androidx.appcompat.widget.SearchView$SearchAutoComplete { <init>(...); }

# Referenced at res\layout-v26\abc_screen_toolbar.xml:37
# Referenced at res\layout\activity_photo_picker.xml:19
# Referenced at res\layout\activity_photo_album.xml:20
# Referenced at res\layout\abc_screen_toolbar.xml:36
-keep class androidx.appcompat.widget.Toolbar { <init>(...); }

# Referenced at res\layout\abc_screen_simple_overlay_action_mode.xml:32
# Referenced at res\layout\abc_screen_simple.xml:25
-keep class androidx.appcompat.widget.ViewStubCompat { <init>(...); }

# Referenced at res\layout\browser_actions_context_menu_page.xml:5
-keep class androidx.browser.browseractions.BrowserActionsFallbackMenuView { <init>(...); }

# Referenced at res\layout\detail_item.xml:2
# Referenced at res\layout\activity_detail_actiivy.xml:2
-keep class androidx.constraintlayout.widget.ConstraintLayout { <init>(...); }

# Referenced at res\layout\design_bottom_sheet_dialog.xml:26
# Referenced at res\layout\activity_photo_picker.xml:2
# Referenced at res\layout\activity_photo_album.xml:2
-keep class androidx.coordinatorlayout.widget.CoordinatorLayout { <init>(...); }

# Referenced at res\layout\abc_alert_dialog_material.xml:41
-keep class androidx.core.widget.NestedScrollView { <init>(...); }

# Referenced at res\layout\activity_photo_picker.xml:8
# Referenced at res\layout\activity_photo_album.xml:9
-keep class androidx.recyclerview.widget.RecyclerView { <init>(...); }

# Referenced at res\layout\activity_detail_actiivy.xml:10
-keep class androidx.viewpager.widget.ViewPager { <init>(...); }

# Referenced at res\layout\activity_photo_picker.xml:14
# Referenced at res\layout\activity_photo_album.xml:15
-keep class com.google.android.material.appbar.AppBarLayout { <init>(...); }

# Referenced at res\layout\design_bottom_navigation_item.xml:27
-keep class com.google.android.material.internal.BaselineLayout { <init>(...); }

# Referenced at res\layout\design_text_input_password_icon.xml:18
-keep class com.google.android.material.internal.CheckableImageButton { <init>(...); }

# Referenced at res\layout\design_navigation_item.xml:17
-keep class com.google.android.material.internal.NavigationMenuItemView { <init>(...); }

# Referenced at res\layout\design_navigation_menu.xml:17
-keep class com.google.android.material.internal.NavigationMenuView { <init>(...); }

# Referenced at res\layout\mtrl_layout_snackbar.xml:18
# Referenced at res\layout\design_layout_snackbar.xml:18
-keep class com.google.android.material.snackbar.Snackbar$SnackbarLayout { <init>(...); }

# Referenced at res\layout\mtrl_layout_snackbar_include.xml:18
# Referenced at res\layout\design_layout_snackbar_include.xml:18
-keep class com.google.android.material.snackbar.SnackbarContentLayout { <init>(...); }

# Referenced at res\layout\thumb_item.xml:24
# Referenced at res\layout\activity_detail_actiivy.xml:33
-keep class com.sangcomz.fishbun.util.RadioWithTextButton { <init>(...); }

# Referenced at res\layout\thumb_item.xml:2
-keep class com.sangcomz.fishbun.util.SquareFrameLayout { <init>(...); }

# Referenced at res\layout\album_item.xml:9
-keep class com.sangcomz.fishbun.util.SquareImageView { <init>(...); }

# Referenced at res\layout\detail_item.xml:8
-keep class com.sangcomz.fishbun.util.TouchImageView { <init>(...); }