build/app/outputs/mapping/debug/mapping.txt
# compiler: R8
# compiler_version: 1.5.64
# min_api: 21
# pg_map_id: ad7351e
com.example.signup_ui.MainActivity -> com.example.signup_ui.MainActivity:
    8:8:void <init>() -> <init>
    10:11:void configureFlutterEngine(io.flutter.embedding.engine.FlutterEngine) -> b
...
androidx.transition.ViewUtilsApi19 -> c.q.e0:
    java.lang.reflect.Method sGetTransitionAlphaMethod -> c
    boolean sSetTransitionAlphaMethodFetched -> b
    java.lang.reflect.Method sSetTransitionAlphaMethod -> a
    boolean sGetTransitionAlphaMethodFetched -> d
    29:29:void <init>() -> <init>
    40:52:void setTransitionAlpha(android.view.View,float) -> a
    77:77:void clearNonTransitionAlpha(android.view.View) -> a
    93:102:void fetchGetTransitionAlphaMethod() -> a
    56:66:float getTransitionAlpha(android.view.View) -> b
    80:90:void fetchSetTransitionAlphaMethod() -> b
    72:72:void saveNonTransitionAlpha(android.view.View) -> c
androidx.transition.ViewUtilsApi21 -> c.q.f0:
    java.lang.reflect.Method sTransformMatrixToLocalMethod -> g
    boolean sTransformMatrixToGlobalMethodFetched -> f
    java.lang.reflect.Method sTransformMatrixToGlobalMethod -> e
    boolean sTransformMatrixToLocalMethodFetched -> h
    30:30:void <init>() -> <init>
    43:53:void transformMatrixToGlobal(android.view.View,android.graphics.Matrix) -> a
    84:94:void fetchTransformMatrixToGlobalMethod() -> a
    57:67:void transformMatrixToLocal(android.view.View,android.graphics.Matrix) -> b
    97:107:void fetchTransformMatrixToLocalMethod() -> b
androidx.transition.ViewUtilsApi22 -> c.q.g0:
    boolean sSetLeftTopRightBottomMethodFetched -> j
    java.lang.reflect.Method sSetLeftTopRightBottomMethod -> i
    29:29:void <init>() -> <init>
    38:48:void setLeftTopRightBottom(android.view.View,int,int,int,int) -> a
    52:62:void fetchSetLeftTopRightBottomMethod() -> a
androidx.transition.ViewUtilsBase -> c.q.h0:
    25:25:void <init>() -> <init>
    30:36:void setTransitionAlpha(android.view.View,float) -> a
    56:59:void clearNonTransitionAlpha(android.view.View) -> a
    62:73:void transformMatrixToGlobal(android.view.View,android.graphics.Matrix) -> a
    126:130:void setLeftTopRightBottom(android.view.View,int,int,int,int) -> a
    39:43:float getTransitionAlpha(android.view.View) -> b
    76:90:void transformMatrixToLocal(android.view.View,android.graphics.Matrix) -> b
    48:51:void saveNonTransitionAlpha(android.view.View) -> c
androidx.transition.Visibility -> c.q.i0:
    java.lang.String[] sTransitionProperties -> N
    int mMode -> M
    79:79:void <clinit>() -> <clinit>
    98:99:void <init>() -> <init>
    android.animation.Animator onAppear(android.view.ViewGroup,android.view.View,androidx.transition.TransitionValues,androidx.transition.TransitionValues) -> a
    122:123:void setMode(int) -> a
    161:162:void captureEndValues(androidx.transition.TransitionValues) -> a
    246:258:android.animation.Animator createAnimator(android.view.ViewGroup,androidx.transition.TransitionValues,androidx.transition.TransitionValues) -> a
    279:280:android.animation.Animator onAppear(android.view.ViewGroup,androidx.transition.TransitionValues,int,androidx.transition.TransitionValues,int) -> a
    462:473:boolean isTransitionRequired(androidx.transition.TransitionValues,androidx.transition.TransitionValues) -> a
    android.animation.Animator onDisappear(android.view.ViewGroup,android.view.View,androidx.transition.TransitionValues,androidx.transition.TransitionValues) -> b
    191:239:androidx.transition.Visibility$VisibilityInfo getVisibilityChangeInfo(androidx.transition.TransitionValues,androidx.transition.TransitionValues) -> b
    336:436:android.animation.Animator onDisappear(android.view.ViewGroup,androidx.transition.TransitionValues,int,androidx.transition.TransitionValues,int) -> b
    156:157:void captureStartValues(androidx.transition.TransitionValues) -> c
androidx.transition.Visibility$1 -> c.q.i0$a:
    androidx.transition.ViewGroupOverlayImpl val$overlay -> a
    android.view.View val$finalOverlayView -> b
    411:411:void <init>(androidx.transition.Visibility,androidx.transition.ViewGroupOverlayImpl,android.view.View) -> <init>
    414:415:void onAnimationEnd(android.animation.Animator) -> onAnimationEnd